Reading netlist file: "C:\Github\ESP32Tang\ESP32Tang\Software\Verilog\GW1NR_9\impl\gwsynthesis\GW1NR_9.vg"
Parsing netlist file "C:\Github\ESP32Tang\ESP32Tang\Software\Verilog\GW1NR_9\impl\gwsynthesis\GW1NR_9.vg" completed
Processing netlist completed
Reading constraint file: "C:\Github\ESP32Tang\ESP32Tang\Software\Verilog\GW1NR_9\src\GW1NR_9.cst"
Physical Constraint parsed completed
Running placement......
[10%] Placement Phase 0 completed
[20%] Placement Phase 1 completed
[30%] Placement Phase 2 completed
[50%] Placement Phase 3 completed
Running routing......
[60%] Routing Phase 0 completed
[70%] Routing Phase 1 completed
[80%] Routing Phase 2 completed
[90%] Routing Phase 3 completed
Running timing analysis......
[95%] Timing analysis completed
Placement and routing completed
Bitstream generation in progress......
Bitstream generation completed
Running power analysis......
[100%] Power analysis completed
Generate file "C:\Github\ESP32Tang\ESP32Tang\Software\Verilog\GW1NR_9\impl\pnr\GW1NR_9.power.html" completed
Generate file "C:\Github\ESP32Tang\ESP32Tang\Software\Verilog\GW1NR_9\impl\pnr\GW1NR_9.pin.html" completed
Generate file "C:\Github\ESP32Tang\ESP32Tang\Software\Verilog\GW1NR_9\impl\pnr\GW1NR_9.rpt.html" completed
Generate file "C:\Github\ESP32Tang\ESP32Tang\Software\Verilog\GW1NR_9\impl\pnr\GW1NR_9.rpt.txt" completed
Generate file "C:\Github\ESP32Tang\ESP32Tang\Software\Verilog\GW1NR_9\impl\pnr\GW1NR_9.tr.html" completed
Sun Apr  6 22:35:09 2025

